Removed Pin From Net: NetName=Relay_C1 Pin=JP2-4
Removed Pin From Net: NetName=RX_A3 Pin=JP2-7
Removed Pin From Net: NetName=T3_CH2_A7 Pin=JP2-9
Removed Pin From Net: NetName=Trig3_CH2_C5 Pin=JP2-10
Removed Pin From Net: NetName=T3_CH4_B1 Pin=JP2-11
Removed Pin From Net: NetName=T1_CH3_E13 Pin=JP2-16
Removed Pin From Net: NetName=Trig1_CH4_E15 Pin=JP2-17
Removed Pin From Net: NetName=Trig3_CH1_C4 Pin=JP2-31
Removed Pin From Net: NetName=T3_CH1_A6 Pin=JP2-32
Removed Pin From Net: NetName=RT_A2 Pin=JP2-34
Added Pin To Net: NetName=RT_A2 Pin=JP2-7
Added Pin To Net: NetName=T3_CH1_A6 Pin=JP2-9
Added Pin To Net: NetName=Trig3_CH1_C4 Pin=JP2-10
Added Pin To Net: NetName=Trig1_CH4_E15 Pin=JP2-24
Added Pin To Net: NetName=T1_CH3_E13 Pin=JP2-25
Added Pin To Net: NetName=T3_CH4_B1 Pin=JP2-30
Added Pin To Net: NetName=Trig3_CH2_C5 Pin=JP2-31
Added Pin To Net: NetName=T3_CH2_A7 Pin=JP2-32
Added Pin To Net: NetName=RX_A3 Pin=JP2-34
Added Pin To Net: NetName=Relay_C1 Pin=JP2-37
